libxfce4windowing-Message: 14:46:43.272: Failed to fetch _NET_NUMBER_OF_DESKTOPS; assuming 1
libxfce4windowing-Message: 14:46:43.272: Failed to get _NET_WORKAREA; using full screen dimensions
libxfce4windowing-Message: 14:46:43.272: Failed to fetch _NET_CURRENT_DESKTOP; assuming 0
libxfce4windowing-Message: 14:46:43.272: Failed to fetch _NET_CURRENT_DESKTOP; assuming 0
/usr/bin/iceauth:  creating new authority file /run/user/1000/ICEauthority
gpg-agent[2279]: pasta '/home/anon/.gnupg' criada
gpg-agent[2279]: pasta '/home/anon/.gnupg/private-keys-v1.d' criada
gpg-agent[2280]: gpg-agent (GnuPG) 2.4.9 started
env: “kdeinit4”: Arquivo ou diretório inexistente
env: “qdbus”: Arquivo ou diretório inexistente

(xfce4-session:2193): xfce4-session-WARNING **: 14:46:43.972: Failed to run gnome-keyring-daemon: Falha ao executar processo filho “gnome-keyring-daemon” (Arquivo ou diretório inexistente)
libxfce4windowing-Message: 14:46:45.589: Failed to fetch _NET_CURRENT_DESKTOP; assuming 0

(xfwm4:2284): xfwm4-WARNING **: 14:46:45.691: Unsupported GL renderer (llvmpipe (LLVM 21.1.7, 256 bits)).

(xfwm4:2284): Gtk-WARNING **: 14:46:45.770: Theme parsing error: main-dark.css:2470:0: Expected a valid selector

(xfce4-session:2193): Gtk-WARNING **: 14:46:45.772: Theme parsing error: main-dark.css:2470:0: Expected a valid selector

(xfce4-session:2193): Gtk-WARNING **: 14:46:45.803: Theme parsing error: main-dark.css:2470:0: Expected a valid selector

(xfsettingsd:2376): xfconf-WARNING **: 14:46:46.080: Type gint does not match type gboolean of property /AutoEnableProfiles

(xfsettingsd:2376): Gtk-WARNING **: 14:46:46.164: Theme parsing error: main-dark.css:2470:0: Expected a valid selector

(Thunar:2396): Gtk-WARNING **: 14:46:46.277: Theme parsing error: main-dark.css:2470:0: Expected a valid selector

(xfce4-panel:2390): Gtk-WARNING **: 14:46:46.291: Theme parsing error: main-dark.css:2470:0: Expected a valid selector

(xfce4-panel:2390): Gtk-WARNING **: 14:46:46.351: Theme parsing error: main-dark.css:2470:0: Expected a valid selector

(xfdesktop:2403): Gtk-WARNING **: 14:46:46.372: Theme parsing error: main-dark.css:2470:0: Expected a valid selector

(xfce4-panel:2390): Gtk-WARNING **: 14:46:46.397: Theme parsing error: main-dark.css:2470:0: Expected a valid selector

(xfce4-panel:2390): Gtk-WARNING **: 14:46:46.441: Theme parsing error: main-dark.css:2470:0: Expected a valid selector

(xfce4-panel:2390): Gtk-WARNING **: 14:46:46.481: Theme parsing error: main-dark.css:2470:0: Expected a valid selector

(xfce4-panel:2390): Gtk-WARNING **: 14:46:46.517: Theme parsing error: main-dark.css:2470:0: Expected a valid selector

(xfce4-panel:2390): Gtk-WARNING **: 14:46:46.551: Theme parsing error: main-dark.css:2470:0: Expected a valid selector

(xfce4-panel:2390): Gtk-WARNING **: 14:46:46.600: Theme parsing error: main-dark.css:2470:0: Expected a valid selector

(xfdesktop:2403): Gtk-WARNING **: 14:46:46.625: Theme parsing error: main-dark.css:2470:0: Expected a valid selector

(xfce4-panel:2390): Gtk-WARNING **: 14:46:46.639: Theme parsing error: main-dark.css:2470:0: Expected a valid selector

(xfce4-panel:2390): Gtk-WARNING **: 14:46:46.693: Theme parsing error: main-dark.css:2470:0: Expected a valid selector

(xfce4-panel:2390): Gtk-WARNING **: 14:46:46.751: Theme parsing error: main-dark.css:2470:0: Expected a valid selector

(xfdesktop:2403): thunar-uca-WARNING **: 14:46:46.767: Unknown element ignored: <icon>

(xfdesktop:2403): thunar-uca-WARNING **: 14:46:46.767: Unknown element ignored: <name>

(xfdesktop:2403): thunar-uca-WARNING **: 14:46:46.767: Unknown element ignored: <submenu>

(xfdesktop:2403): thunar-uca-WARNING **: 14:46:46.767: Unknown element ignored: <unique-id>

(xfdesktop:2403): thunar-uca-WARNING **: 14:46:46.767: Unknown element ignored: <command>

(xfdesktop:2403): thunar-uca-WARNING **: 14:46:46.767: Unknown element ignored: <description>

(xfdesktop:2403): thunar-uca-WARNING **: 14:46:46.767: Unknown element ignored: <range>

(xfdesktop:2403): thunar-uca-WARNING **: 14:46:46.767: Unknown element ignored: <patterns>

(xfdesktop:2403): thunar-uca-WARNING **: 14:46:46.767: Unknown element ignored: <directories>

(xfdesktop:2403): thunar-uca-WARNING **: 14:46:46.767: Unknown element ignored: <audio-files>

(xfdesktop:2403): thunar-uca-WARNING **: 14:46:46.767: Unknown element ignored: <image-files>

(xfdesktop:2403): thunar-uca-WARNING **: 14:46:46.767: Unknown element ignored: <other-files>

(xfdesktop:2403): thunar-uca-WARNING **: 14:46:46.767: Unknown element ignored: <text-files>

(xfdesktop:2403): thunar-uca-WARNING **: 14:46:46.767: Unknown element ignored: <video-files>

(xfdesktop:2403): thunar-uca-WARNING **: 14:46:46.767: Failed to load `/home/anon/.config/Thunar/uca.xml': Erro na linha 29 caractere 10: Elemento “action” foi fechado, mas o elemento atualmente aberto é “actions”

(xfce4-clipman:2443): Gtk-WARNING **: 14:46:46.784: Theme parsing error: main-dark.css:2470:0: Expected a valid selector

(xfce4-panel:2390): Gtk-WARNING **: 14:46:46.787: Theme parsing error: main-dark.css:2470:0: Expected a valid selector

(wrapper-2.0:2430): Gtk-WARNING **: 14:46:46.833: Theme parsing error: main-dark.css:2470:0: Expected a valid selector

(wrapper-2.0:2422): Gtk-WARNING **: 14:46:46.833: Theme parsing error: main-dark.css:2470:0: Expected a valid selector

(wrapper-2.0:2427): Gtk-WARNING **: 14:46:46.834: Theme parsing error: main-dark.css:2470:0: Expected a valid selector

(wrapper-2.0:2429): Gtk-WARNING **: 14:46:46.836: Theme parsing error: main-dark.css:2470:0: Expected a valid selector

(wrapper-2.0:2428): Gtk-WARNING **: 14:46:46.838: Theme parsing error: main-dark.css:2470:0: Expected a valid selector

(wrapper-2.0:2470): Gtk-WARNING **: 14:46:46.960: Theme parsing error: main-dark.css:2470:0: Expected a valid selector

(wrapper-2.0:2430): Gtk-WARNING **: 14:46:46.961: Theme parsing error: main-dark.css:2470:0: Expected a valid selector

(wrapper-2.0:2469): Gtk-WARNING **: 14:46:46.962: Theme parsing error: main-dark.css:2470:0: Expected a valid selector

(pasystray:2504): Gtk-WARNING **: 14:46:46.964: Theme parsing error: main-dark.css:2470:0: Expected a valid selector

(wrapper-2.0:2429): Gtk-WARNING **: 14:46:46.964: Theme parsing error: main-dark.css:2470:0: Expected a valid selector

(xfce4-notifyd:2471): xfce4-notifyd-WARNING **: 14:46:46.973: Unable to open notification log: Falha ao criar a tabela de 'notificações': database is locked

(plank:2447): Gtk-WARNING **: 14:46:46.973: Theme parsing error: main-dark.css:2470:0: Expected a valid selector

(plank:2447): Gtk-WARNING **: 14:46:47.011: Theme parsing error: main-dark.css:2470:0: Expected a valid selector

(xfce4-notifyd:2471): GLib-GObject-CRITICAL **: 14:46:47.021: invalid (NULL) pointer instance

(xfce4-notifyd:2471): GLib-GObject-CRITICAL **: 14:46:47.021: g_signal_connect_data: assertion 'G_TYPE_CHECK_INSTANCE (instance)' failed

(xfce4-notifyd:2471): GLib-GObject-CRITICAL **: 14:46:47.021: invalid (NULL) pointer instance

(xfce4-notifyd:2471): GLib-GObject-CRITICAL **: 14:46:47.021: g_signal_connect_data: assertion 'G_TYPE_CHECK_INSTANCE (instance)' failed

(xfce4-notifyd:2471): GLib-GObject-CRITICAL **: 14:46:47.021: invalid (NULL) pointer instance

(xfce4-notifyd:2471): GLib-GObject-CRITICAL **: 14:46:47.021: g_signal_connect_data: assertion 'G_TYPE_CHECK_INSTANCE (instance)' failed

(xfce4-notifyd:2471): GLib-GObject-CRITICAL **: 14:46:47.021: invalid (NULL) pointer instance

(xfce4-notifyd:2471): GLib-GObject-CRITICAL **: 14:46:47.021: g_signal_connect_data: assertion 'G_TYPE_CHECK_INSTANCE (instance)' failed

(xfce4-notifyd:2471): GLib-GObject-CRITICAL **: 14:46:47.021: invalid (NULL) pointer instance

(xfce4-notifyd:2471): GLib-GObject-CRITICAL **: 14:46:47.021: g_signal_connect_data: assertion 'G_TYPE_CHECK_INSTANCE (instance)' failed

(nm-applet:2478): Gtk-WARNING **: 14:46:47.039: Theme parsing error: main-dark.css:2470:0: Expected a valid selector

(xfce4-screensaver:2462): Gtk-WARNING **: 14:46:47.069: Theme parsing error: main-dark.css:2470:0: Expected a valid selector

(xfce4-power-manager:2456): Gtk-WARNING **: 14:46:47.072: Theme parsing error: main-dark.css:2470:0: Expected a valid selector

(xfce4-notifyd:2471): Gtk-WARNING **: 14:46:47.120: Theme parsing error: main-dark.css:2470:0: Expected a valid selector

(wrapper-2.0:2470): Gtk-WARNING **: 14:46:47.167: Theme parsing error: main-dark.css:2470:0: Expected a valid selector

(wrapper-2.0:2427): Gtk-WARNING **: 14:46:47.171: Theme parsing error: main-dark.css:2470:0: Expected a valid selector

(wrapper-2.0:2469): Gtk-WARNING **: 14:46:47.203: Theme parsing error: main-dark.css:2470:0: Expected a valid selector

(wrapper-2.0:2427): xfce4-notification-plugin-WARNING **: 14:46:47.237: Unable to check for unread messages: GDBus.Error:org.gtk.GDBus.UnmappedGError.Quark._g_2dio_2derror_2dquark.Code0: O registro está indisponível

(wrapper-2.0:2422): Gtk-WARNING **: 14:46:47.255: Theme parsing error: main-dark.css:2470:0: Expected a valid selector

(wrapper-2.0:2428): Gtk-WARNING **: 14:46:47.395: Theme parsing error: main-dark.css:2470:0: Expected a valid selector

(xfdesktop:2403): xfdesktop-WARNING **: 14:46:47.869: Failed to register the newly set background with AccountsService '/usr/share/backgrounds/chililinux/ocean-paint.jpg': GDBus.Error:org.freedesktop.DBus.Error.InvalidArgs: No such interface “org.freedesktop.DisplayManager.AccountsService”
.conky/conky-startup.sh: 5: killall: not found
.conky/conky-startup.sh: 7: conky: not found

(xfdesktop-settings:2935): Gtk-WARNING **: 14:47:00.968: Theme parsing error: main-dark.css:2470:0: Expected a valid selector

(xfdesktop:2403): xfdesktop-WARNING **: 14:47:11.133: Failed to register the newly set background with AccountsService '/usr/share/backgrounds/chililinux/bird-blue-and-yellow.jpg': GDBus.Error:org.freedesktop.DBus.Error.InvalidArgs: No such interface “org.freedesktop.DisplayManager.AccountsService”

(xfdesktop:2403): xfdesktop-WARNING **: 14:47:13.612: Failed to register the newly set background with AccountsService '/usr/share/backgrounds/chililinux/animal bird14.jpg': GDBus.Error:org.freedesktop.DBus.Error.InvalidArgs: No such interface “org.freedesktop.DisplayManager.AccountsService”

(xfdesktop:2403): xfdesktop-WARNING **: 14:47:16.335: Failed to register the newly set background with AccountsService '/usr/share/backgrounds/chililinux/robot12.jpg': GDBus.Error:org.freedesktop.DBus.Error.InvalidArgs: No such interface “org.freedesktop.DisplayManager.AccountsService”

(xfdesktop:2403): xfdesktop-WARNING **: 14:47:20.729: Failed to register the newly set background with AccountsService '/usr/share/backgrounds/chililinux/art-paint37.jpg': GDBus.Error:org.freedesktop.DBus.Error.InvalidArgs: No such interface “org.freedesktop.DisplayManager.AccountsService”

(xfdesktop:2403): xfdesktop-WARNING **: 14:47:31.984: Failed to register the newly set background with AccountsService '/usr/share/backgrounds/chililinux/animal-clean2.jpg': GDBus.Error:org.freedesktop.DBus.Error.InvalidArgs: No such interface “org.freedesktop.DisplayManager.AccountsService”

(xfdesktop:2403): xfdesktop-WARNING **: 14:47:34.751: Failed to register the newly set background with AccountsService '/usr/share/backgrounds/chililinux/animal-clean-pink1.jpg': GDBus.Error:org.freedesktop.DBus.Error.InvalidArgs: No such interface “org.freedesktop.DisplayManager.AccountsService”

(xfdesktop:2403): xfdesktop-WARNING **: 14:47:39.703: Failed to register the newly set background with AccountsService '/usr/share/backgrounds/chililinux/clean-art7.jpg': GDBus.Error:org.freedesktop.DBus.Error.InvalidArgs: No such interface “org.freedesktop.DisplayManager.AccountsService”

(xfce4-terminal:3611): Gtk-WARNING **: 14:47:44.174: Theme parsing error: main-dark.css:2470:0: Expected a valid selector

(xfdesktop-settings:4711): Gtk-WARNING **: 14:48:48.118: Theme parsing error: main-dark.css:2470:0: Expected a valid selector

(xfdesktop:2403): xfdesktop-WARNING **: 14:48:51.479: Failed to register the newly set background with AccountsService '/usr/share/backgrounds/chililinux/clean-art7.jpg': GDBus.Error:org.freedesktop.DBus.Error.InvalidArgs: No such interface “org.freedesktop.DisplayManager.AccountsService”

(xfdesktop:2403): xfdesktop-WARNING **: 14:48:51.681: Failed to register the newly set background with AccountsService '/usr/share/backgrounds/chililinux/clean-art7.jpg': GDBus.Error:org.freedesktop.DBus.Error.InvalidArgs: No such interface “org.freedesktop.DisplayManager.AccountsService”

(xfdesktop:2403): xfdesktop-WARNING **: 14:48:51.944: Failed to register the newly set background with AccountsService '/usr/share/backgrounds/chililinux/clean-art7.jpg': GDBus.Error:org.freedesktop.DBus.Error.InvalidArgs: No such interface “org.freedesktop.DisplayManager.AccountsService”

(xfdesktop:2403): xfdesktop-WARNING **: 14:48:52.600: Failed to register the newly set background with AccountsService '/usr/share/backgrounds/chililinux/clean-art7.jpg': GDBus.Error:org.freedesktop.DBus.Error.InvalidArgs: No such interface “org.freedesktop.DisplayManager.AccountsService”

(Thunar:2396): thunar-uca-WARNING **: 14:49:04.351: Unknown element ignored: <icon>

(Thunar:2396): thunar-uca-WARNING **: 14:49:04.352: Unknown element ignored: <name>

(Thunar:2396): thunar-uca-WARNING **: 14:49:04.352: Unknown element ignored: <submenu>

(Thunar:2396): thunar-uca-WARNING **: 14:49:04.352: Unknown element ignored: <unique-id>

(Thunar:2396): thunar-uca-WARNING **: 14:49:04.352: Unknown element ignored: <command>

(Thunar:2396): thunar-uca-WARNING **: 14:49:04.352: Unknown element ignored: <description>

(Thunar:2396): thunar-uca-WARNING **: 14:49:04.352: Unknown element ignored: <range>

(Thunar:2396): thunar-uca-WARNING **: 14:49:04.352: Unknown element ignored: <patterns>

(Thunar:2396): thunar-uca-WARNING **: 14:49:04.352: Unknown element ignored: <directories>

(Thunar:2396): thunar-uca-WARNING **: 14:49:04.352: Unknown element ignored: <audio-files>

(Thunar:2396): thunar-uca-WARNING **: 14:49:04.352: Unknown element ignored: <image-files>

(Thunar:2396): thunar-uca-WARNING **: 14:49:04.352: Unknown element ignored: <other-files>

(Thunar:2396): thunar-uca-WARNING **: 14:49:04.352: Unknown element ignored: <text-files>

(Thunar:2396): thunar-uca-WARNING **: 14:49:04.352: Unknown element ignored: <video-files>

(Thunar:2396): thunar-uca-WARNING **: 14:49:04.352: Failed to load `/home/anon/.config/Thunar/uca.xml': Erro na linha 29 caractere 10: Elemento “action” foi fechado, mas o elemento atualmente aberto é “actions”

(xfdesktop:2403): xfdesktop-WARNING **: 14:49:52.987: Failed to register the newly set background with AccountsService '/usr/share/backgrounds/chililinux/animal-owl23.jpg': GDBus.Error:org.freedesktop.DBus.Error.InvalidArgs: No such interface “org.freedesktop.DisplayManager.AccountsService”

(xfdesktop:2403): xfdesktop-WARNING **: 14:50:52.993: Failed to register the newly set background with AccountsService '/usr/share/backgrounds/chililinux/nature7.jpg': GDBus.Error:org.freedesktop.DBus.Error.InvalidArgs: No such interface “org.freedesktop.DisplayManager.AccountsService”

(xfce4-terminal:6625): Gtk-WARNING **: 14:50:55.658: Theme parsing error: main-dark.css:2470:0: Expected a valid selector

(xfce4-terminal:7017): Gtk-WARNING **: 14:51:16.075: Theme parsing error: main-dark.css:2470:0: Expected a valid selector

(xfdesktop:2403): xfdesktop-WARNING **: 14:51:53.002: Failed to register the newly set background with AccountsService '/usr/share/backgrounds/chililinux/clean art3.jpg': GDBus.Error:org.freedesktop.DBus.Error.InvalidArgs: No such interface “org.freedesktop.DisplayManager.AccountsService”

(xfdesktop:2403): xfdesktop-WARNING **: 14:52:46.724: Failed to register the newly set background with AccountsService '/usr/share/backgrounds/chililinux/clean-pink4.jpg': GDBus.Error:org.freedesktop.DBus.Error.InvalidArgs: No such interface “org.freedesktop.DisplayManager.AccountsService”

(xfdesktop:2403): xfdesktop-WARNING **: 14:52:50.500: Failed to register the newly set background with AccountsService '/usr/share/backgrounds/chililinux/glass-or-crystal15.jpg': GDBus.Error:org.freedesktop.DBus.Error.InvalidArgs: No such interface “org.freedesktop.DisplayManager.AccountsService”

(xfdesktop:2403): xfdesktop-WARNING **: 14:52:52.987: Failed to register the newly set background with AccountsService '/usr/share/backgrounds/chililinux/cat-steampunk1.jpg': GDBus.Error:org.freedesktop.DBus.Error.InvalidArgs: No such interface “org.freedesktop.DisplayManager.AccountsService”

(xfdesktop:2403): xfdesktop-WARNING **: 14:52:56.231: Failed to register the newly set background with AccountsService '/usr/share/backgrounds/chililinux/ambiance26.jpg': GDBus.Error:org.freedesktop.DBus.Error.InvalidArgs: No such interface “org.freedesktop.DisplayManager.AccountsService”

(xfce4-terminal:9079): Gtk-WARNING **: 14:53:29.836: Theme parsing error: main-dark.css:2470:0: Expected a valid selector

(xfdesktop:2403): xfdesktop-WARNING **: 14:53:52.991: Failed to register the newly set background with AccountsService '/usr/share/backgrounds/chililinux/abstract-colors8.jpg': GDBus.Error:org.freedesktop.DBus.Error.InvalidArgs: No such interface “org.freedesktop.DisplayManager.AccountsService”

(xfdesktop:2403): xfdesktop-WARNING **: 14:54:52.998: Failed to register the newly set background with AccountsService '/usr/share/backgrounds/chililinux/iceberg canva.jpg': GDBus.Error:org.freedesktop.DBus.Error.InvalidArgs: No such interface “org.freedesktop.DisplayManager.AccountsService”

(xfdesktop:2403): xfdesktop-WARNING **: 14:55:53.039: Failed to register the newly set background with AccountsService '/usr/share/backgrounds/chililinux/art-paint48.jpg': GDBus.Error:org.freedesktop.DBus.Error.InvalidArgs: No such interface “org.freedesktop.DisplayManager.AccountsService”

(xfdesktop:2403): xfdesktop-WARNING **: 14:56:53.040: Failed to register the newly set background with AccountsService '/usr/share/backgrounds/chililinux/animal-owl2.jpg': GDBus.Error:org.freedesktop.DBus.Error.InvalidArgs: No such interface “org.freedesktop.DisplayManager.AccountsService”

(xfdesktop:2403): xfdesktop-WARNING **: 14:57:53.046: Failed to register the newly set background with AccountsService '/usr/share/backgrounds/chililinux/animal-owl4.jpg': GDBus.Error:org.freedesktop.DBus.Error.InvalidArgs: No such interface “org.freedesktop.DisplayManager.AccountsService”

(xfdesktop:2403): xfdesktop-WARNING **: 14:58:53.036: Failed to register the newly set background with AccountsService '/usr/share/backgrounds/chililinux/animal-lion-baby.jpg': GDBus.Error:org.freedesktop.DBus.Error.InvalidArgs: No such interface “org.freedesktop.DisplayManager.AccountsService”

(xfdesktop:2403): xfdesktop-WARNING **: 14:59:52.991: Failed to register the newly set background with AccountsService '/usr/share/backgrounds/chililinux/animal-owl20.jpg': GDBus.Error:org.freedesktop.DBus.Error.InvalidArgs: No such interface “org.freedesktop.DisplayManager.AccountsService”

(xfdesktop:2403): xfdesktop-WARNING **: 15:00:53.009: Failed to register the newly set background with AccountsService '/usr/share/backgrounds/chililinux/animal-owl14.jpg': GDBus.Error:org.freedesktop.DBus.Error.InvalidArgs: No such interface “org.freedesktop.DisplayManager.AccountsService”

(xfdesktop:2403): xfdesktop-WARNING **: 15:01:53.038: Failed to register the newly set background with AccountsService '/usr/share/backgrounds/chililinux/animal-painting1.jpg': GDBus.Error:org.freedesktop.DBus.Error.InvalidArgs: No such interface “org.freedesktop.DisplayManager.AccountsService”

(xfdesktop:2403): xfdesktop-WARNING **: 15:02:53.044: Failed to register the newly set background with AccountsService '/usr/share/backgrounds/chililinux/dog3.jpg': GDBus.Error:org.freedesktop.DBus.Error.InvalidArgs: No such interface “org.freedesktop.DisplayManager.AccountsService”

(xfdesktop:2403): xfdesktop-WARNING **: 15:03:53.038: Failed to register the newly set background with AccountsService '/usr/share/backgrounds/chililinux/art-paint12.jpg': GDBus.Error:org.freedesktop.DBus.Error.InvalidArgs: No such interface “org.freedesktop.DisplayManager.AccountsService”

(xfdesktop:2403): xfdesktop-WARNING **: 15:04:53.037: Failed to register the newly set background with AccountsService '/usr/share/backgrounds/chililinux/clean-grey4.jpg': GDBus.Error:org.freedesktop.DBus.Error.InvalidArgs: No such interface “org.freedesktop.DisplayManager.AccountsService”

(xfdesktop:2403): xfdesktop-WARNING **: 15:05:52.992: Failed to register the newly set background with AccountsService '/usr/share/backgrounds/chililinux/penguin-purple2.jpg': GDBus.Error:org.freedesktop.DBus.Error.InvalidArgs: No such interface “org.freedesktop.DisplayManager.AccountsService”

(xfdesktop-settings:20263): Gtk-WARNING **: 15:05:54.657: Theme parsing error: main-dark.css:2470:0: Expected a valid selector

(xfdesktop:2403): xfdesktop-WARNING **: 15:06:14.798: Failed to register the newly set background with AccountsService '/usr/share/backgrounds/voidbr/Flying-by-Sylvain-Mauroux.jpg': GDBus.Error:org.freedesktop.DBus.Error.InvalidArgs: No such interface “org.freedesktop.DisplayManager.AccountsService”

(xfdesktop:2403): xfdesktop-WARNING **: 15:06:28.665: Failed to register the newly set background with AccountsService '/usr/share/backgrounds/voidbr/xfce-shapes.svg': GDBus.Error:org.freedesktop.DBus.Error.InvalidArgs: No such interface “org.freedesktop.DisplayManager.AccountsService”

(xfdesktop:2403): xfdesktop-WARNING **: 15:06:32.759: Failed to register the newly set background with AccountsService '/usr/share/backgrounds/voidbr/abstract-art3.jpg': GDBus.Error:org.freedesktop.DBus.Error.InvalidArgs: No such interface “org.freedesktop.DisplayManager.AccountsService”

(xfdesktop:2403): xfdesktop-WARNING **: 15:06:35.925: Failed to register the newly set background with AccountsService '/usr/share/backgrounds/voidbr/Flying-by-Sylvain-Mauroux.jpg': GDBus.Error:org.freedesktop.DBus.Error.InvalidArgs: No such interface “org.freedesktop.DisplayManager.AccountsService”

(xfdesktop:2403): xfdesktop-WARNING **: 15:06:38.631: Failed to register the newly set background with AccountsService '/usr/share/backgrounds/voidbr/Landscape-by-Jimmy-Conover.jpg': GDBus.Error:org.freedesktop.DBus.Error.InvalidArgs: No such interface “org.freedesktop.DisplayManager.AccountsService”

(xfdesktop:2403): xfdesktop-WARNING **: 15:07:15.152: Failed to register the newly set background with AccountsService '/usr/share/backgrounds/voidbr/Snowy-Tree-by-Pascal-Debrunner.jpg': GDBus.Error:org.freedesktop.DBus.Error.InvalidArgs: No such interface “org.freedesktop.DisplayManager.AccountsService”

(xfdesktop:2403): xfdesktop-WARNING **: 15:08:15.000: Failed to register the newly set background with AccountsService '/usr/share/backgrounds/voidbr/ZorinPurple-Dark.svg': GDBus.Error:org.freedesktop.DBus.Error.InvalidArgs: No such interface “org.freedesktop.DisplayManager.AccountsService”

(xfdesktop:2403): xfdesktop-WARNING **: 15:09:14.995: Failed to register the newly set background with AccountsService '/usr/share/backgrounds/voidbr/ZorinGreen-Light.svg': GDBus.Error:org.freedesktop.DBus.Error.InvalidArgs: No such interface “org.freedesktop.DisplayManager.AccountsService”

(xfdesktop:2403): xfdesktop-WARNING **: 15:10:15.173: Failed to register the newly set background with AccountsService '/usr/share/backgrounds/voidbr/Ocean-Horizon-by-Dave-Hoefler.jpg': GDBus.Error:org.freedesktop.DBus.Error.InvalidArgs: No such interface “org.freedesktop.DisplayManager.AccountsService”

(xfdesktop:2403): xfdesktop-WARNING **: 15:11:15.263: Failed to register the newly set background with AccountsService '/usr/share/backgrounds/voidbr/Dolomites-by-Wirestock.jpg': GDBus.Error:org.freedesktop.DBus.Error.InvalidArgs: No such interface “org.freedesktop.DisplayManager.AccountsService”

(xfdesktop:2403): xfdesktop-WARNING **: 15:12:15.190: Failed to register the newly set background with AccountsService '/usr/share/backgrounds/voidbr/Tropical-by-Colin+Meg.jpg': GDBus.Error:org.freedesktop.DBus.Error.InvalidArgs: No such interface “org.freedesktop.DisplayManager.AccountsService”

(xfdesktop:2403): xfdesktop-WARNING **: 15:13:15.061: Failed to register the newly set background with AccountsService '/usr/share/backgrounds/voidbr/Aquarius.svg': GDBus.Error:org.freedesktop.DBus.Error.InvalidArgs: No such interface “org.freedesktop.DisplayManager.AccountsService”

(xfdesktop:2403): xfdesktop-WARNING **: 15:14:14.999: Failed to register the newly set background with AccountsService '/usr/share/backgrounds/voidbr/ZorinBrown-Dark.svg': GDBus.Error:org.freedesktop.DBus.Error.InvalidArgs: No such interface “org.freedesktop.DisplayManager.AccountsService”

(xfdesktop:2403): xfdesktop-WARNING **: 15:15:15.133: Failed to register the newly set background with AccountsService '/usr/share/backgrounds/voidbr/Flower-Blossom-by-Simon-Berger.jpg': GDBus.Error:org.freedesktop.DBus.Error.InvalidArgs: No such interface “org.freedesktop.DisplayManager.AccountsService”

(Thunar:2396): thunar-uca-WARNING **: 15:16:00.347: Unknown element ignored: <icon>

(Thunar:2396): thunar-uca-WARNING **: 15:16:00.347: Unknown element ignored: <name>

(Thunar:2396): thunar-uca-WARNING **: 15:16:00.347: Unknown element ignored: <submenu>

(Thunar:2396): thunar-uca-WARNING **: 15:16:00.347: Unknown element ignored: <unique-id>

(Thunar:2396): thunar-uca-WARNING **: 15:16:00.347: Unknown element ignored: <command>

(Thunar:2396): thunar-uca-WARNING **: 15:16:00.347: Unknown element ignored: <description>

(Thunar:2396): thunar-uca-WARNING **: 15:16:00.347: Unknown element ignored: <range>

(Thunar:2396): thunar-uca-WARNING **: 15:16:00.347: Unknown element ignored: <patterns>

(Thunar:2396): thunar-uca-WARNING **: 15:16:00.347: Unknown element ignored: <directories>

(Thunar:2396): thunar-uca-WARNING **: 15:16:00.347: Unknown element ignored: <audio-files>

(Thunar:2396): thunar-uca-WARNING **: 15:16:00.347: Unknown element ignored: <image-files>

(Thunar:2396): thunar-uca-WARNING **: 15:16:00.347: Unknown element ignored: <other-files>

(Thunar:2396): thunar-uca-WARNING **: 15:16:00.347: Unknown element ignored: <text-files>

(Thunar:2396): thunar-uca-WARNING **: 15:16:00.348: Unknown element ignored: <video-files>

(Thunar:2396): thunar-uca-WARNING **: 15:16:00.348: Failed to load `/home/anon/.config/Thunar/uca.xml': Erro na linha 29 caractere 10: Elemento “action” foi fechado, mas o elemento atualmente aberto é “actions”

(xfdesktop:2403): xfdesktop-WARNING **: 15:16:15.157: Failed to register the newly set background with AccountsService '/usr/share/backgrounds/voidbr/Night-Desert-by-Daniel-Olah.jpg': GDBus.Error:org.freedesktop.DBus.Error.InvalidArgs: No such interface “org.freedesktop.DisplayManager.AccountsService”

(xfce4-terminal:29548): Gtk-WARNING **: 15:16:18.033: Theme parsing error: main-dark.css:2470:0: Expected a valid selector

(Thunar:2396): thunar-uca-WARNING **: 15:16:50.563: Unknown element ignored: <icon>

(Thunar:2396): thunar-uca-WARNING **: 15:16:50.563: Unknown element ignored: <name>

(Thunar:2396): thunar-uca-WARNING **: 15:16:50.563: Unknown element ignored: <submenu>

(Thunar:2396): thunar-uca-WARNING **: 15:16:50.563: Unknown element ignored: <unique-id>

(Thunar:2396): thunar-uca-WARNING **: 15:16:50.563: Unknown element ignored: <command>

(Thunar:2396): thunar-uca-WARNING **: 15:16:50.563: Unknown element ignored: <description>

(Thunar:2396): thunar-uca-WARNING **: 15:16:50.563: Unknown element ignored: <range>

(Thunar:2396): thunar-uca-WARNING **: 15:16:50.563: Unknown element ignored: <patterns>

(Thunar:2396): thunar-uca-WARNING **: 15:16:50.563: Unknown element ignored: <directories>

(Thunar:2396): thunar-uca-WARNING **: 15:16:50.563: Unknown element ignored: <audio-files>

(Thunar:2396): thunar-uca-WARNING **: 15:16:50.563: Unknown element ignored: <image-files>

(Thunar:2396): thunar-uca-WARNING **: 15:16:50.563: Unknown element ignored: <other-files>

(Thunar:2396): thunar-uca-WARNING **: 15:16:50.563: Unknown element ignored: <text-files>

(Thunar:2396): thunar-uca-WARNING **: 15:16:50.563: Unknown element ignored: <video-files>

(Thunar:2396): thunar-uca-WARNING **: 15:16:50.563: Failed to load `/home/anon/.config/Thunar/uca.xml': Erro na linha 29 caractere 10: Elemento “action” foi fechado, mas o elemento atualmente aberto é “actions”

(xfce4-terminal:30212): Gtk-WARNING **: 15:16:54.574: Theme parsing error: main-dark.css:2470:0: Expected a valid selector

(xfdesktop:2403): xfdesktop-WARNING **: 15:17:15.002: Failed to register the newly set background with AccountsService '/usr/share/backgrounds/voidbr/ZorinOrange-Light.svg': GDBus.Error:org.freedesktop.DBus.Error.InvalidArgs: No such interface “org.freedesktop.DisplayManager.AccountsService”

(xfdesktop:2403): xfdesktop-WARNING **: 15:17:38.857: Failed to register the newly set background with AccountsService '/usr/share/backgrounds/voidbr/xfce-flower.svg': GDBus.Error:org.freedesktop.DBus.Error.InvalidArgs: No such interface “org.freedesktop.DisplayManager.AccountsService”

(xfdesktop-settings:31137): Gtk-WARNING **: 15:17:46.110: Theme parsing error: main-dark.css:2470:0: Expected a valid selector

(xfdesktop:2403): xfdesktop-WARNING **: 15:18:02.781: Failed to register the newly set background with AccountsService '/usr/share/backgrounds/voidbr/Flying-by-Sylvain-Mauroux.jpg': GDBus.Error:org.freedesktop.DBus.Error.InvalidArgs: No such interface “org.freedesktop.DisplayManager.AccountsService”

(Thunar:2396): thunar-uca-WARNING **: 15:18:08.859: Unknown element ignored: <icon>

(Thunar:2396): thunar-uca-WARNING **: 15:18:08.859: Unknown element ignored: <name>

(Thunar:2396): thunar-uca-WARNING **: 15:18:08.859: Unknown element ignored: <submenu>

(Thunar:2396): thunar-uca-WARNING **: 15:18:08.860: Unknown element ignored: <unique-id>

(Thunar:2396): thunar-uca-WARNING **: 15:18:08.860: Unknown element ignored: <command>

(Thunar:2396): thunar-uca-WARNING **: 15:18:08.860: Unknown element ignored: <description>

(Thunar:2396): thunar-uca-WARNING **: 15:18:08.860: Unknown element ignored: <range>

(Thunar:2396): thunar-uca-WARNING **: 15:18:08.860: Unknown element ignored: <patterns>

(Thunar:2396): thunar-uca-WARNING **: 15:18:08.860: Unknown element ignored: <directories>

(Thunar:2396): thunar-uca-WARNING **: 15:18:08.860: Unknown element ignored: <audio-files>

(Thunar:2396): thunar-uca-WARNING **: 15:18:08.860: Unknown element ignored: <image-files>

(Thunar:2396): thunar-uca-WARNING **: 15:18:08.860: Unknown element ignored: <other-files>

(Thunar:2396): thunar-uca-WARNING **: 15:18:08.860: Unknown element ignored: <text-files>

(Thunar:2396): thunar-uca-WARNING **: 15:18:08.860: Unknown element ignored: <video-files>

(Thunar:2396): thunar-uca-WARNING **: 15:18:08.860: Failed to load `/home/anon/.config/Thunar/uca.xml': Erro na linha 29 caractere 10: Elemento “action” foi fechado, mas o elemento atualmente aberto é “actions”

(xfdesktop:2403): xfdesktop-WARNING **: 15:18:13.326: Failed to register the newly set background with AccountsService '/usr/share/backgrounds/voidbr/art-paint12.jpg': GDBus.Error:org.freedesktop.DBus.Error.InvalidArgs: No such interface “org.freedesktop.DisplayManager.AccountsService”

(xfce4-terminal:31659): Gtk-WARNING **: 15:18:15.002: Theme parsing error: main-dark.css:2470:0: Expected a valid selector

(xfdesktop:2403): xfdesktop-WARNING **: 15:19:02.999: Failed to register the newly set background with AccountsService '/usr/share/backgrounds/voidbr/aurora-borealis-1.jpg': GDBus.Error:org.freedesktop.DBus.Error.InvalidArgs: No such interface “org.freedesktop.DisplayManager.AccountsService”

(xfdesktop:2403): xfdesktop-WARNING **: 15:20:02.985: Failed to register the newly set background with AccountsService '/usr/share/backgrounds/voidbr/animal-owl17.jpg': GDBus.Error:org.freedesktop.DBus.Error.InvalidArgs: No such interface “org.freedesktop.DisplayManager.AccountsService”

(xfdesktop-settings:1966): Gtk-WARNING **: 15:20:59.560: Theme parsing error: main-dark.css:2470:0: Expected a valid selector

(xfdesktop:2403): xfdesktop-WARNING **: 15:21:03.021: Failed to register the newly set background with AccountsService '/usr/share/backgrounds/voidbr/art paint14Resultado.jpg': GDBus.Error:org.freedesktop.DBus.Error.InvalidArgs: No such interface “org.freedesktop.DisplayManager.AccountsService”

(xfdesktop:2403): xfdesktop-WARNING **: 15:21:08.790: Failed to register the newly set background with AccountsService '/usr/share/backgrounds/voidbr/Night-Desert-by-Daniel-Olah.jpg': GDBus.Error:org.freedesktop.DBus.Error.InvalidArgs: No such interface “org.freedesktop.DisplayManager.AccountsService”

(xfdesktop:2403): xfdesktop-WARNING **: 15:21:09.925: Failed to register the newly set background with AccountsService '/usr/share/backgrounds/voidbr/Flower-Blossom-by-Simon-Berger.jpg': GDBus.Error:org.freedesktop.DBus.Error.InvalidArgs: No such interface “org.freedesktop.DisplayManager.AccountsService”

(xfdesktop:2403): xfdesktop-WARNING **: 15:21:14.186: Failed to register the newly set background with AccountsService '/usr/share/backgrounds/voidbr/abstract-colors6.jpg': GDBus.Error:org.freedesktop.DBus.Error.InvalidArgs: No such interface “org.freedesktop.DisplayManager.AccountsService”

(xfdesktop:2403): xfdesktop-WARNING **: 15:21:27.350: Failed to register the newly set background with AccountsService '/usr/share/backgrounds/voidbr/conceitual-multimedia3.jpg': GDBus.Error:org.freedesktop.DBus.Error.InvalidArgs: No such interface “org.freedesktop.DisplayManager.AccountsService”

(xfdesktop:2403): xfdesktop-WARNING **: 15:21:29.659: Failed to register the newly set background with AccountsService '/usr/share/backgrounds/voidbr/animal-owl16.jpg': GDBus.Error:org.freedesktop.DBus.Error.InvalidArgs: No such interface “org.freedesktop.DisplayManager.AccountsService”

(xfdesktop-settings:2704): Gtk-WARNING **: 15:21:32.190: Theme parsing error: main-dark.css:2470:0: Expected a valid selector

(xfdesktop:2403): xfdesktop-WARNING **: 15:21:35.806: Failed to register the newly set background with AccountsService '/usr/share/backgrounds/voidbr/Island-by-Simon-Spring.jpg': GDBus.Error:org.freedesktop.DBus.Error.InvalidArgs: No such interface “org.freedesktop.DisplayManager.AccountsService”

(xfdesktop:2403): xfdesktop-WARNING **: 15:21:37.005: Failed to register the newly set background with AccountsService '/usr/share/backgrounds/voidbr/Dolomites-by-Wirestock.jpg': GDBus.Error:org.freedesktop.DBus.Error.InvalidArgs: No such interface “org.freedesktop.DisplayManager.AccountsService”

(xfdesktop:2403): xfdesktop-WARNING **: 15:21:42.597: Failed to register the newly set background with AccountsService '/usr/share/backgrounds/voidbr/Flying-by-Sylvain-Mauroux.jpg': GDBus.Error:org.freedesktop.DBus.Error.InvalidArgs: No such interface “org.freedesktop.DisplayManager.AccountsService”

(xfdesktop:2403): xfdesktop-WARNING **: 15:21:45.472: Failed to register the newly set background with AccountsService '/usr/share/backgrounds/voidbr/Dolomites-by-Wirestock.jpg': GDBus.Error:org.freedesktop.DBus.Error.InvalidArgs: No such interface “org.freedesktop.DisplayManager.AccountsService”

(xfdesktop:2403): xfdesktop-WARNING **: 15:21:50.936: Failed to register the newly set background with AccountsService '/usr/share/backgrounds/voidbr/Lavender-Field-by-Simon-Spring.jpg': GDBus.Error:org.freedesktop.DBus.Error.InvalidArgs: No such interface “org.freedesktop.DisplayManager.AccountsService”

(xfdesktop:2403): xfdesktop-WARNING **: 15:21:54.145: Failed to register the newly set background with AccountsService '/usr/share/backgrounds/voidbr/Flying-by-Sylvain-Mauroux.jpg': GDBus.Error:org.freedesktop.DBus.Error.InvalidArgs: No such interface “org.freedesktop.DisplayManager.AccountsService”

(xfdesktop:2403): xfdesktop-WARNING **: 15:21:58.893: Failed to register the newly set background with AccountsService '/usr/share/backgrounds/voidbr/Night-Desert-by-Daniel-Olah.jpg': GDBus.Error:org.freedesktop.DBus.Error.InvalidArgs: No such interface “org.freedesktop.DisplayManager.AccountsService”

(xfce4-terminal:3209): Gtk-WARNING **: 15:22:04.307: Theme parsing error: main-dark.css:2470:0: Expected a valid selector
