[    16.516] 
X.Org X Server 1.21.1.18
X Protocol Version 11, Revision 0
[    16.516] Current Operating System: Linux chililinux 6.15.9-arch1-1 #1 SMP PREEMPT_DYNAMIC Sat, 02 Aug 2025 01:20:06 +0000 x86_64
[    16.517] Kernel command line: BOOT_IMAGE=/@/boot/vmlinuz-linux root=UUID=9c7e9750-27e8-4a99-9a2c-6df7f1a3b54f rw rootflags=subvol=@ splash plymouth.enable=1 loglevel=4 libata.noacpi=1 acpi=force apm=power-off nowatchdog tsc=nowatchdog cryptomgr.notests no_timer_check rcupdate.rcu_expedited=1 intel_pstate=active amd_pstate=active cpuidle.governor=teo split_lock_detect=off clearcpuid=514 transparent_hugepage=never skew_tick=1 intremap=off nosoftlockup audit=0 nomce systemd.show_status=auto rd.udev.log_level=3 apparmor=1 security=apparmor vconsole.font=Uni2-Fixed16 intel_iommu=on amd_iommu=on tdx=on nvme_load=yes nouveau.modeset=1 i915.modeset=1 amdgpu.modeset=1 radeon.si_support=0 radeon.cik_support=0 amdgpu.si_support=1 amdgpu.cik_support=1 nvidia.modeset=1 nvidia_drm.modeset=1 DEEPIN_GFXMODE= module_blacklist=
[    16.519]  
[    16.519] Current version of pixman: 0.46.4
[    16.519] 	Before reporting problems, check http://wiki.x.org
	to make sure that you have the latest version.
[    16.519] Markers: (--) probed, (**) from config file, (==) default setting,
	(++) from command line, (!!) notice, (II) informational,
	(WW) warning, (EE) error, (NI) not implemented, (??) unknown.
[    16.521] (==) Log file: "/home/live/.local/share/xorg/Xorg.0.log", Time: Wed Aug 13 18:23:13 2025
[    16.524] (==) Using config directory: "/etc/X11/xorg.conf.d"
[    16.524] (==) Using system config directory "/usr/share/X11/xorg.conf.d"
[    16.525] (==) No Layout section.  Using the first Screen section.
[    16.525] (==) No screen section available. Using defaults.
[    16.525] (**) |-->Screen "Default Screen Section" (0)
[    16.525] (**) |   |-->Monitor "<default monitor>"
[    16.528] (==) No monitor specified for screen "Default Screen Section".
	Using a default monitor configuration.
[    16.528] (**) Allowing byte-swapped clients
[    16.528] (==) Automatically adding devices
[    16.528] (==) Automatically enabling devices
[    16.528] (==) Automatically adding GPU devices
[    16.528] (==) Automatically binding GPU devices
[    16.528] (==) Max clients allowed: 256, resource mask: 0x1fffff
[    16.531] (WW) The directory "/usr/share/fonts/Type1" does not exist.
[    16.531] 	Entry deleted from font path.
[    16.533] (==) FontPath set to:
	/usr/share/fonts/misc,
	/usr/share/fonts/TTF,
	/usr/share/fonts/OTF,
	/usr/share/fonts/100dpi,
	/usr/share/fonts/75dpi
[    16.533] (==) ModulePath set to "/usr/lib/xorg/modules"
[    16.533] (II) The server relies on udev to provide the list of input devices.
	If no devices become available, reconfigure udev or disable AutoAddDevices.
[    16.533] (II) Module ABI versions:
[    16.533] 	X.Org ANSI C Emulation: 0.4
[    16.533] 	X.Org Video Driver: 25.2
[    16.533] 	X.Org XInput driver : 24.4
[    16.533] 	X.Org Server Extension : 10.0
[    16.534] (++) using VT number 1

[    16.536] (II) systemd-logind: took control of session /org/freedesktop/login1/session/_31
[    16.537] (II) xfree86: Adding drm device (/dev/dri/card0)
[    16.537] (II) Platform probe for /sys/devices/pci0000:00/0000:00:07.0/drm/card0
[    16.539] (II) systemd-logind: got fd for /dev/dri/card0 226:0 fd 13 paused 0
[    16.542] (--) PCI:*(0@0:7:0) 1234:1111:1af4:1100 rev 2, Mem @ 0x80000000/16777216, 0x81046000/4096, BIOS @ 0x????????/131072
[    16.542] (II) LoadModule: "glx"
[    16.543] (II) Loading /usr/lib/xorg/modules/extensions/libglx.so
[    16.551] (II) Module glx: vendor="X.Org Foundation"
[    16.551] 	compiled for 1.21.1.18, module version = 1.0.0
[    16.551] 	ABI class: X.Org Server Extension, version 10.0
[    16.551] (==) Matched modesetting as autoconfigured driver 0
[    16.551] (==) Matched fbdev as autoconfigured driver 1
[    16.551] (==) Matched vesa as autoconfigured driver 2
[    16.551] (==) Assigned the driver to the xf86ConfigLayout
[    16.551] (II) LoadModule: "modesetting"
[    16.551] (II) Loading /usr/lib/xorg/modules/drivers/modesetting_drv.so
[    16.553] (II) Module modesetting: vendor="X.Org Foundation"
[    16.553] 	compiled for 1.21.1.18, module version = 1.21.1
[    16.553] 	Module class: X.Org Video Driver
[    16.553] 	ABI class: X.Org Video Driver, version 25.2
[    16.553] (II) LoadModule: "fbdev"
[    16.553] (II) Loading /usr/lib/xorg/modules/drivers/fbdev_drv.so
[    16.554] (II) Module fbdev: vendor="X.Org Foundation"
[    16.554] 	compiled for 1.21.1.14, module version = 0.5.1
[    16.554] 	Module class: X.Org Video Driver
[    16.554] 	ABI class: X.Org Video Driver, version 25.2
[    16.554] (II) LoadModule: "vesa"
[    16.554] (II) Loading /usr/lib/xorg/modules/drivers/vesa_drv.so
[    16.555] (II) Module vesa: vendor="X.Org Foundation"
[    16.555] 	compiled for 1.21.1.11, module version = 2.6.0
[    16.555] 	Module class: X.Org Video Driver
[    16.555] 	ABI class: X.Org Video Driver, version 25.2
[    16.555] (II) modesetting: Driver for Modesetting Kernel Drivers: kms
[    16.555] (II) FBDEV: driver for framebuffer: fbdev
[    16.555] (II) VESA: driver for VESA chipsets: vesa
[    16.555] xf86EnableIO: failed to enable I/O ports 0000-03ff (Operation not permitted)
[    16.555] (II) modeset(0): using drv /dev/dri/card0
[    16.555] (WW) Falling back to old probe method for fbdev
[    16.555] (II) Loading sub module "fbdevhw"
[    16.555] (II) LoadModule: "fbdevhw"
[    16.556] (II) Loading /usr/lib/xorg/modules/libfbdevhw.so
[    16.556] (II) Module fbdevhw: vendor="X.Org Foundation"
[    16.556] 	compiled for 1.21.1.18, module version = 0.0.2
[    16.556] 	ABI class: X.Org Video Driver, version 25.2
[    16.556] (EE) open /dev/fb0: Permission denied
[    16.556] (WW) VGA arbiter: cannot open kernel arbiter, no multi-card support
[    16.556] (II) modeset(0): Creating default Display subsection in Screen section
	"Default Screen Section" for depth/fbbpp 24/32
[    16.556] (==) modeset(0): Depth 24, (==) framebuffer bpp 32
[    16.556] (==) modeset(0): RGB weight 888
[    16.556] (==) modeset(0): Default visual is TrueColor
[    16.556] (II) Loading sub module "glamoregl"
[    16.556] (II) LoadModule: "glamoregl"
[    16.556] (II) Loading /usr/lib/xorg/modules/libglamoregl.so
[    16.564] (II) Module glamoregl: vendor="X.Org Foundation"
[    16.564] 	compiled for 1.21.1.18, module version = 1.0.1
[    16.564] 	ABI class: X.Org ANSI C Emulation, version 0.4
[    16.749] (II) modeset(0): Refusing to try glamor on llvmpipe
[    16.751] (II) modeset(0): glamor initialization failed
[    16.752] (II) modeset(0): ShadowFB: preferred NO, enabled NO
[    16.753] (II) modeset(0): Output Virtual-1 has no monitor section
[    16.755] (II) modeset(0): EDID for output Virtual-1
[    16.755] (II) modeset(0): Manufacturer: RHT  Model: 1234  Serial#: 0
[    16.755] (II) modeset(0): Year: 2014  Week: 42
[    16.755] (II) modeset(0): EDID Version: 1.4
[    16.755] (II) modeset(0): Digital Display Input
[    16.755] (II) modeset(0): 8 bits per channel
[    16.755] (II) modeset(0): Digital interface is DisplayPort
[    16.755] (II) modeset(0): Max Image Size [cm]: horiz.: 32  vert.: 20
[    16.755] (II) modeset(0): Gamma: 2.20
[    16.755] (II) modeset(0): No DPMS capabilities specified
[    16.755] (II) modeset(0): Supported color encodings: RGB 4:4:4 
[    16.755] (II) modeset(0): Default color space is primary color space
[    16.755] (II) modeset(0): First detailed timing is preferred mode
[    16.755] (II) modeset(0): Preferred mode is native pixel format and refresh rate
[    16.755] (II) modeset(0): redX: 0.640 redY: 0.330   greenX: 0.300 greenY: 0.600
[    16.755] (II) modeset(0): blueX: 0.150 blueY: 0.060   whiteX: 0.312 whiteY: 0.329
[    16.755] (II) modeset(0): Supported established timings:
[    16.755] (II) modeset(0): 640x480@60Hz
[    16.755] (II) modeset(0): 800x600@60Hz
[    16.755] (II) modeset(0): 1024x768@60Hz
[    16.755] (II) modeset(0): Manufacturer's mask: 0
[    16.755] (II) modeset(0): Supported standard timings:
[    16.755] (II) modeset(0): #0: hsize: 2048  vsize 1152  refresh: 60  vid: 49377
[    16.755] (II) modeset(0): #1: hsize: 1920  vsize 1080  refresh: 60  vid: 49361
[    16.755] (II) modeset(0): #2: hsize: 1920  vsize 1200  refresh: 60  vid: 209
[    16.755] (II) modeset(0): #3: hsize: 1600  vsize 1200  refresh: 60  vid: 16553
[    16.755] (II) modeset(0): #4: hsize: 1680  vsize 1050  refresh: 60  vid: 179
[    16.755] (II) modeset(0): #5: hsize: 1440  vsize 900  refresh: 60  vid: 149
[    16.755] (II) modeset(0): #6: hsize: 1280  vsize 1024  refresh: 60  vid: 32897
[    16.755] (II) modeset(0): #7: hsize: 1280  vsize 960  refresh: 60  vid: 16513
[    16.755] (II) modeset(0): Supported detailed timing:
[    16.755] (II) modeset(0): clock: 107.3 MHz   Image Size:  325 x 203 mm
[    16.755] (II) modeset(0): h_active: 1280  h_sync: 1600  h_sync_end 1638 h_blank_end 1728 h_border: 0
[    16.755] (II) modeset(0): v_active: 800  v_sync: 804  v_sync_end 808 v_blanking: 828 v_border: 0
[    16.755] (II) modeset(0): Established timings III: (not decoded)
[    16.755] (II) modeset(0): Ranges: V min: 50 V max: 125 Hz, H min: 30 H max: 160 kHz,
[    16.755] (II) modeset(0): Monitor name: QEMU Monitor
[    16.755] (II) modeset(0): Number of EDID sections to follow: 1
[    16.755] (II) modeset(0): EDID (in hex):
[    16.755] (II) modeset(0): 	00ffffffffffff004914341200000000
[    16.755] (II) modeset(0): 	2a180104a520147806ee91a3544c9926
[    16.755] (II) modeset(0): 	0f5054210800e1c0d1c0d100a940b300
[    16.755] (II) modeset(0): 	950081808140ea2900c051201c304026
[    16.755] (II) modeset(0): 	444045cb10000018000000f7000a0040
[    16.755] (II) modeset(0): 	82002820000000000000000000fd0032
[    16.755] (II) modeset(0): 	7d1ea0ff010a202020202020000000fc
[    16.755] (II) modeset(0): 	0051454d55204d6f6e69746f720a013a
[    16.755] (II) modeset(0): 	02030b00467d6560591f610000001000
[    16.755] (II) modeset(0): 	00000000000000000000000000000000
[    16.755] (II) modeset(0): 	10000000000000000000000000000000
[    16.755] (II) modeset(0): 	00001000000000000000000000000000
[    16.755] (II) modeset(0): 	00000000100000000000000000000000
[    16.755] (II) modeset(0): 	00000000000010000000000000000000
[    16.755] (II) modeset(0): 	00000000000000001000000000000000
[    16.755] (II) modeset(0): 	0000000000000000000000000000002f
[    16.755] (II) modeset(0): Printing probed modes for output Virtual-1
[    16.755] (II) modeset(0): Modeline "1280x800"x75.0  107.30  1280 1600 1638 1728  800 804 808 828 -hsync -vsync (62.1 kHz eP)
[    16.755] (II) modeset(0): Modeline "1920x1440"x60.0  234.00  1920 2048 2256 2600  1440 1441 1444 1500 -hsync +vsync (90.0 kHz e)
[    16.755] (II) modeset(0): Modeline "2560x1080"x50.0  185.62  2560 3108 3152 3300  1080 1084 1089 1125 +hsync +vsync (56.2 kHz e)
[    16.755] (II) modeset(0): Modeline "1856x1392"x60.0  218.25  1856 1952 2176 2528  1392 1393 1396 1439 -hsync +vsync (86.3 kHz e)
[    16.755] (II) modeset(0): Modeline "1792x1344"x60.0  204.75  1792 1920 2120 2448  1344 1345 1348 1394 -hsync +vsync (83.6 kHz e)
[    16.755] (II) modeset(0): Modeline "2048x1152"x60.0  162.00  2048 2074 2154 2250  1152 1153 1156 1200 +hsync +vsync (72.0 kHz e)
[    16.755] (II) modeset(0): Modeline "1920x1200"x59.9  193.25  1920 2056 2256 2592  1200 1203 1209 1245 -hsync +vsync (74.6 kHz e)
[    16.755] (II) modeset(0): Modeline "1920x1080"x60.0  148.50  1920 2008 2052 2200  1080 1084 1089 1125 -hsync -vsync (67.5 kHz e)
[    16.755] (II) modeset(0): Modeline "1920x1080"x50.0  148.50  1920 2448 2492 2640  1080 1084 1089 1125 +hsync +vsync (56.2 kHz e)
[    16.755] (II) modeset(0): Modeline "1600x1200"x60.0  162.00  1600 1664 1856 2160  1200 1201 1204 1250 +hsync +vsync (75.0 kHz e)
[    16.755] (II) modeset(0): Modeline "1680x1050"x60.0  146.25  1680 1784 1960 2240  1050 1053 1059 1089 -hsync +vsync (65.3 kHz e)
[    16.755] (II) modeset(0): Modeline "1400x1050"x60.0  121.75  1400 1488 1632 1864  1050 1053 1057 1089 -hsync +vsync (65.3 kHz e)
[    16.755] (II) modeset(0): Modeline "1280x1024"x60.0  108.00  1280 1328 1440 1688  1024 1025 1028 1066 +hsync +vsync (64.0 kHz e)
[    16.755] (II) modeset(0): Modeline "1440x900"x59.9  106.50  1440 1520 1672 1904  900 903 909 934 -hsync +vsync (55.9 kHz e)
[    16.755] (II) modeset(0): Modeline "1280x960"x60.0  108.00  1280 1376 1488 1800  960 961 964 1000 +hsync +vsync (60.0 kHz e)
[    16.755] (II) modeset(0): Modeline "1360x768"x60.0   85.50  1360 1424 1536 1792  768 771 777 795 +hsync +vsync (47.7 kHz e)
[    16.755] (II) modeset(0): Modeline "1280x768"x59.9   79.50  1280 1344 1472 1664  768 771 778 798 -hsync +vsync (47.8 kHz e)
[    16.755] (II) modeset(0): Modeline "1024x768"x60.0   65.00  1024 1048 1184 1344  768 771 777 806 -hsync -vsync (48.4 kHz e)
[    16.755] (II) modeset(0): Modeline "800x600"x60.3   40.00  800 840 968 1056  600 601 605 628 +hsync +vsync (37.9 kHz e)
[    16.755] (II) modeset(0): Modeline "640x480"x60.0   25.20  640 656 752 800  480 490 492 525 -hsync -vsync (31.5 kHz e)
[    16.755] (II) modeset(0): Modeline "640x480"x59.9   25.18  640 656 752 800  480 490 492 525 -hsync -vsync (31.5 kHz e)
[    16.755] (II) modeset(0): Output Virtual-1 connected
[    16.755] (II) modeset(0): Using exact sizes for initial modes
[    16.755] (II) modeset(0): Output Virtual-1 using initial mode 1280x800 +0+0
[    16.755] (==) modeset(0): Using gamma correction (1.0, 1.0, 1.0)
[    16.755] (==) modeset(0): DPI set to (96, 96)
[    16.755] (II) Loading sub module "fb"
[    16.755] (II) LoadModule: "fb"
[    16.755] (II) Module "fb" already built-in
[    16.755] (II) UnloadModule: "fbdev"
[    16.755] (II) Unloading fbdev
[    16.755] (II) UnloadSubModule: "fbdevhw"
[    16.755] (II) Unloading fbdevhw
[    16.755] (II) UnloadModule: "vesa"
[    16.755] (II) Unloading vesa
[    16.756] (==) modeset(0): Backing store enabled
[    16.756] (==) modeset(0): Silken mouse enabled
[    16.756] (II) modeset(0): Initializing kms color map for depth 24, 8 bpc.
[    16.756] (==) modeset(0): DPMS enabled
[    16.756] (II) Initializing extension Generic Event Extension
[    16.756] (II) Initializing extension SHAPE
[    16.756] (II) Initializing extension MIT-SHM
[    16.756] (II) Initializing extension XInputExtension
[    16.756] (II) Initializing extension XTEST
[    16.756] (II) Initializing extension BIG-REQUESTS
[    16.756] (II) Initializing extension SYNC
[    16.756] (II) Initializing extension XKEYBOARD
[    16.756] (II) Initializing extension XC-MISC
[    16.757] (II) Initializing extension SECURITY
[    16.757] (II) Initializing extension XFIXES
[    16.757] (II) Initializing extension RENDER
[    16.757] (II) Initializing extension RANDR
[    16.757] (II) Initializing extension COMPOSITE
[    16.757] (II) Initializing extension DAMAGE
[    16.757] (II) Initializing extension MIT-SCREEN-SAVER
[    16.757] (II) Initializing extension DOUBLE-BUFFER
[    16.757] (II) Initializing extension RECORD
[    16.757] (II) Initializing extension DPMS
[    16.757] (II) Initializing extension Present
[    16.757] (II) Initializing extension DRI3
[    16.757] (II) Initializing extension X-Resource
[    16.758] (II) Initializing extension XVideo
[    16.758] (II) Initializing extension XVideo-MotionCompensation
[    16.758] (II) Initializing extension GLX
[    16.758] (II) AIGLX: Screen 0 is not DRI2 capable
[    16.760] (II) IGLX: Loaded and initialized swrast
[    16.760] (II) GLX: Initialized DRISWRAST GL provider for screen 0
[    16.760] (II) Initializing extension XFree86-VidModeExtension
[    16.760] (II) Initializing extension XFree86-DGA
[    16.760] (II) Initializing extension XFree86-DRI
[    16.760] (II) Initializing extension DRI2
[    16.761] (II) modeset(0): Damage tracking initialized
[    16.761] (II) modeset(0): Setting screen physical size to 338 x 211
[    16.935] (II) config/udev: Adding input device Power Button (/dev/input/event0)
[    16.935] (**) Power Button: Applying InputClass "evdev keyboard catchall"
[    16.935] (**) Power Button: Applying InputClass "libinput keyboard catchall"
[    16.935] (**) Power Button: Applying InputClass "Keyboard Br Abnt2"
[    16.935] (II) LoadModule: "libinput"
[    16.935] (II) Loading /usr/lib/xorg/modules/input/libinput_drv.so
[    16.940] (II) Module libinput: vendor="X.Org Foundation"
[    16.940] 	compiled for 1.21.1.13, module version = 1.5.0
[    16.940] 	Module class: X.Org XInput Driver
[    16.940] 	ABI class: X.Org XInput driver, version 24.4
[    16.940] (II) Using input driver 'libinput' for 'Power Button'
[    16.942] (II) systemd-logind: got fd for /dev/input/event0 13:64 fd 21 paused 0
[    16.942] (**) Power Button: always reports core events
[    16.942] (**) Option "Device" "/dev/input/event0"
[    16.952] (II) event0  - Power Button: is tagged by udev as: Keyboard
[    16.952] (II) event0  - Power Button: device is a keyboard
[    16.952] (II) event0  - Power Button: device removed
[    16.952] (**) Option "config_info" "udev:/sys/devices/LNXSYSTM:00/LNXPWRBN:00/input/input0/event0"
[    16.952] (II) XINPUT: Adding extended input device "Power Button" (type: KEYBOARD, id 6)
[    16.952] (**) Option "xkb_model" "pc105"
[    16.952] (**) Option "xkb_layout" "br"
[    16.952] (**) Option "xkb_variant" "abnt2"
[    16.952] (WW) Option "xkb_options" requires a string value
[    16.978] (II) event0  - Power Button: is tagged by udev as: Keyboard
[    16.978] (II) event0  - Power Button: device is a keyboard
[    16.979] (II) config/udev: Adding input device AT Translated Set 2 keyboard (/dev/input/event1)
[    16.979] (**) AT Translated Set 2 keyboard: Applying InputClass "evdev keyboard catchall"
[    16.979] (**) AT Translated Set 2 keyboard: Applying InputClass "libinput keyboard catchall"
[    16.979] (**) AT Translated Set 2 keyboard: Applying InputClass "Keyboard Br Abnt2"
[    16.979] (II) Using input driver 'libinput' for 'AT Translated Set 2 keyboard'
[    16.981] (II) systemd-logind: got fd for /dev/input/event1 13:65 fd 24 paused 0
[    16.981] (**) AT Translated Set 2 keyboard: always reports core events
[    16.981] (**) Option "Device" "/dev/input/event1"
[    16.983] (II) event1  - AT Translated Set 2 keyboard: is tagged by udev as: Keyboard
[    16.983] (II) event1  - AT Translated Set 2 keyboard: device is a keyboard
[    16.983] (II) event1  - AT Translated Set 2 keyboard: device removed
[    16.983] (**) Option "config_info" "udev:/sys/devices/platform/i8042/serio0/input/input1/event1"
[    16.983] (II) XINPUT: Adding extended input device "AT Translated Set 2 keyboard" (type: KEYBOARD, id 7)
[    16.983] (**) Option "xkb_model" "pc105"
[    16.983] (**) Option "xkb_layout" "br"
[    16.983] (**) Option "xkb_variant" "abnt2"
[    16.983] (WW) Option "xkb_options" requires a string value
[    16.985] (II) event1  - AT Translated Set 2 keyboard: is tagged by udev as: Keyboard
[    16.985] (II) event1  - AT Translated Set 2 keyboard: device is a keyboard
[    16.986] (II) config/udev: Adding input device VirtualPS/2 VMware VMMouse (/dev/input/event4)
[    16.986] (**) VirtualPS/2 VMware VMMouse: Applying InputClass "evdev pointer catchall"
[    16.986] (**) VirtualPS/2 VMware VMMouse: Applying InputClass "libinput pointer catchall"
[    16.986] (II) Using input driver 'libinput' for 'VirtualPS/2 VMware VMMouse'
[    16.988] (II) systemd-logind: got fd for /dev/input/event4 13:68 fd 25 paused 0
[    16.988] (**) VirtualPS/2 VMware VMMouse: always reports core events
[    16.988] (**) Option "Device" "/dev/input/event4"
[    16.988] (II) event4  - VirtualPS/2 VMware VMMouse: is tagged by udev as: Mouse
[    16.989] (II) event4  - VirtualPS/2 VMware VMMouse: device is a pointer
[    16.989] (II) event4  - VirtualPS/2 VMware VMMouse: device removed
[    16.989] (II) libinput: VirtualPS/2 VMware VMMouse: Step value 0 was provided, libinput Fallback acceleration function is used.
[    16.989] (II) libinput: VirtualPS/2 VMware VMMouse: Step value 0 was provided, libinput Fallback acceleration function is used.
[    16.989] (II) libinput: VirtualPS/2 VMware VMMouse: Step value 0 was provided, libinput Fallback acceleration function is used.
[    16.989] (**) Option "config_info" "udev:/sys/devices/platform/i8042/serio1/input/input4/event4"
[    16.989] (II) XINPUT: Adding extended input device "VirtualPS/2 VMware VMMouse" (type: MOUSE, id 8)
[    16.989] (**) Option "AccelerationScheme" "none"
[    16.989] (**) VirtualPS/2 VMware VMMouse: (accel) selected scheme none/0
[    16.989] (**) VirtualPS/2 VMware VMMouse: (accel) acceleration factor: 2.000
[    16.989] (**) VirtualPS/2 VMware VMMouse: (accel) acceleration threshold: 4
[    16.990] (II) event4  - VirtualPS/2 VMware VMMouse: is tagged by udev as: Mouse
[    16.990] (II) event4  - VirtualPS/2 VMware VMMouse: device is a pointer
[    16.990] (II) config/udev: Adding input device VirtualPS/2 VMware VMMouse (/dev/input/mouse1)
[    16.990] (II) No input driver specified, ignoring this device.
[    16.990] (II) This device may have been added with another device file.
[    16.991] (II) config/udev: Adding input device VirtualPS/2 VMware VMMouse (/dev/input/event3)
[    16.991] (**) VirtualPS/2 VMware VMMouse: Applying InputClass "evdev pointer catchall"
[    16.991] (**) VirtualPS/2 VMware VMMouse: Applying InputClass "libinput pointer catchall"
[    16.991] (II) Using input driver 'libinput' for 'VirtualPS/2 VMware VMMouse'
[    16.992] (II) systemd-logind: got fd for /dev/input/event3 13:67 fd 26 paused 0
[    16.992] (**) VirtualPS/2 VMware VMMouse: always reports core events
[    16.992] (**) Option "Device" "/dev/input/event3"
[    16.993] (II) event3  - VirtualPS/2 VMware VMMouse: is tagged by udev as: Mouse
[    16.993] (II) event3  - VirtualPS/2 VMware VMMouse: device is a pointer
[    16.993] (II) event3  - VirtualPS/2 VMware VMMouse: device removed
[    16.993] (**) Option "config_info" "udev:/sys/devices/platform/i8042/serio1/input/input5/event3"
[    16.993] (II) XINPUT: Adding extended input device "VirtualPS/2 VMware VMMouse" (type: MOUSE, id 9)
[    16.993] (**) Option "AccelerationScheme" "none"
[    16.993] (**) VirtualPS/2 VMware VMMouse: (accel) selected scheme none/0
[    16.993] (**) VirtualPS/2 VMware VMMouse: (accel) acceleration factor: 2.000
[    16.993] (**) VirtualPS/2 VMware VMMouse: (accel) acceleration threshold: 4
[    16.993] (II) event3  - VirtualPS/2 VMware VMMouse: is tagged by udev as: Mouse
[    16.994] (II) event3  - VirtualPS/2 VMware VMMouse: device is a pointer
[    16.994] (II) config/udev: Adding input device VirtualPS/2 VMware VMMouse (/dev/input/mouse0)
[    16.994] (II) No input driver specified, ignoring this device.
[    16.994] (II) This device may have been added with another device file.
[    16.995] (II) config/udev: Adding input device PC Speaker (/dev/input/event2)
[    16.995] (II) No input driver specified, ignoring this device.
[    16.995] (II) This device may have been added with another device file.
[    18.608] (II) modeset(0): EDID vendor "RHT", prod id 4660
[    18.608] (II) modeset(0): Using EDID range info for horizontal sync
[    18.608] (II) modeset(0): Using EDID range info for vertical refresh
[    18.608] (II) modeset(0): Printing DDC gathered Modelines:
[    18.608] (II) modeset(0): Modeline "1280x800"x0.0  107.30  1280 1600 1638 1728  800 804 808 828 -hsync -vsync (62.1 kHz eP)
[    18.608] (II) modeset(0): Modeline "1280x768"x0.0   79.50  1280 1344 1472 1664  768 771 778 798 -hsync +vsync (47.8 kHz e)
[    18.608] (II) modeset(0): Modeline "1360x768"x0.0   85.50  1360 1424 1536 1792  768 771 777 795 +hsync +vsync (47.7 kHz e)
[    18.608] (II) modeset(0): Modeline "1400x1050"x0.0  121.75  1400 1488 1632 1864  1050 1053 1057 1089 -hsync +vsync (65.3 kHz e)
[    18.608] (II) modeset(0): Modeline "1792x1344"x0.0  204.75  1792 1920 2120 2448  1344 1345 1348 1394 -hsync +vsync (83.6 kHz e)
[    18.608] (II) modeset(0): Modeline "1856x1392"x0.0  218.25  1856 1952 2176 2528  1392 1393 1396 1439 -hsync +vsync (86.3 kHz e)
[    18.608] (II) modeset(0): Modeline "1920x1440"x0.0  234.00  1920 2048 2256 2600  1440 1441 1444 1500 -hsync +vsync (90.0 kHz e)
[    18.608] (II) modeset(0): Modeline "1920x1080"x0.0  148.50  1920 2448 2492 2640  1080 1084 1089 1125 +hsync +vsync (56.2 kHz e)
[    18.608] (II) modeset(0): Modeline "800x600"x0.0   40.00  800 840 968 1056  600 601 605 628 +hsync +vsync (37.9 kHz e)
[    18.608] (II) modeset(0): Modeline "640x480"x0.0   25.18  640 656 752 800  480 490 492 525 -hsync -vsync (31.5 kHz e)
[    18.608] (II) modeset(0): Modeline "1024x768"x0.0   65.00  1024 1048 1184 1344  768 771 777 806 -hsync -vsync (48.4 kHz e)
[    18.608] (II) modeset(0): Modeline "2048x1152"x60.0  197.97  2048 2184 2408 2768  1152 1153 1156 1192 -hsync +vsync (71.5 kHz e)
[    18.608] (II) modeset(0): Modeline "1920x1080"x60.0  172.80  1920 2040 2248 2576  1080 1081 1084 1118 -hsync +vsync (67.1 kHz e)
[    18.608] (II) modeset(0): Modeline "1920x1200"x0.0  193.25  1920 2056 2256 2592  1200 1203 1209 1245 -hsync +vsync (74.6 kHz e)
[    18.608] (II) modeset(0): Modeline "1600x1200"x0.0  162.00  1600 1664 1856 2160  1200 1201 1204 1250 +hsync +vsync (75.0 kHz e)
[    18.608] (II) modeset(0): Modeline "1680x1050"x0.0  146.25  1680 1784 1960 2240  1050 1053 1059 1089 -hsync +vsync (65.3 kHz e)
[    18.608] (II) modeset(0): Modeline "1440x900"x0.0  106.50  1440 1520 1672 1904  900 903 909 934 -hsync +vsync (55.9 kHz e)
[    18.608] (II) modeset(0): Modeline "1280x1024"x0.0  108.00  1280 1328 1440 1688  1024 1025 1028 1066 +hsync +vsync (64.0 kHz e)
[    18.608] (II) modeset(0): Modeline "1280x960"x0.0  108.00  1280 1376 1488 1800  960 961 964 1000 +hsync +vsync (60.0 kHz e)
[    18.614] (II) modeset(0): EDID vendor "RHT", prod id 4660
[    18.614] (II) modeset(0): Using hsync ranges from config file
[    18.614] (II) modeset(0): Using vrefresh ranges from config file
[    18.614] (II) modeset(0): Printing DDC gathered Modelines:
[    18.614] (II) modeset(0): Modeline "1280x800"x0.0  107.30  1280 1600 1638 1728  800 804 808 828 -hsync -vsync (62.1 kHz eP)
[    18.614] (II) modeset(0): Modeline "1280x768"x0.0   79.50  1280 1344 1472 1664  768 771 778 798 -hsync +vsync (47.8 kHz e)
[    18.614] (II) modeset(0): Modeline "1360x768"x0.0   85.50  1360 1424 1536 1792  768 771 777 795 +hsync +vsync (47.7 kHz e)
[    18.614] (II) modeset(0): Modeline "1400x1050"x0.0  121.75  1400 1488 1632 1864  1050 1053 1057 1089 -hsync +vsync (65.3 kHz e)
[    18.614] (II) modeset(0): Modeline "1792x1344"x0.0  204.75  1792 1920 2120 2448  1344 1345 1348 1394 -hsync +vsync (83.6 kHz e)
[    18.614] (II) modeset(0): Modeline "1856x1392"x0.0  218.25  1856 1952 2176 2528  1392 1393 1396 1439 -hsync +vsync (86.3 kHz e)
[    18.614] (II) modeset(0): Modeline "1920x1440"x0.0  234.00  1920 2048 2256 2600  1440 1441 1444 1500 -hsync +vsync (90.0 kHz e)
[    18.614] (II) modeset(0): Modeline "1920x1080"x0.0  148.50  1920 2448 2492 2640  1080 1084 1089 1125 +hsync +vsync (56.2 kHz e)
[    18.614] (II) modeset(0): Modeline "800x600"x0.0   40.00  800 840 968 1056  600 601 605 628 +hsync +vsync (37.9 kHz e)
[    18.614] (II) modeset(0): Modeline "640x480"x0.0   25.18  640 656 752 800  480 490 492 525 -hsync -vsync (31.5 kHz e)
[    18.614] (II) modeset(0): Modeline "1024x768"x0.0   65.00  1024 1048 1184 1344  768 771 777 806 -hsync -vsync (48.4 kHz e)
[    18.614] (II) modeset(0): Modeline "2048x1152"x60.0  197.97  2048 2184 2408 2768  1152 1153 1156 1192 -hsync +vsync (71.5 kHz e)
[    18.614] (II) modeset(0): Modeline "1920x1080"x60.0  172.80  1920 2040 2248 2576  1080 1081 1084 1118 -hsync +vsync (67.1 kHz e)
[    18.614] (II) modeset(0): Modeline "1920x1200"x0.0  193.25  1920 2056 2256 2592  1200 1203 1209 1245 -hsync +vsync (74.6 kHz e)
[    18.614] (II) modeset(0): Modeline "1600x1200"x0.0  162.00  1600 1664 1856 2160  1200 1201 1204 1250 +hsync +vsync (75.0 kHz e)
[    18.614] (II) modeset(0): Modeline "1680x1050"x0.0  146.25  1680 1784 1960 2240  1050 1053 1059 1089 -hsync +vsync (65.3 kHz e)
[    18.614] (II) modeset(0): Modeline "1440x900"x0.0  106.50  1440 1520 1672 1904  900 903 909 934 -hsync +vsync (55.9 kHz e)
[    18.614] (II) modeset(0): Modeline "1280x1024"x0.0  108.00  1280 1328 1440 1688  1024 1025 1028 1066 +hsync +vsync (64.0 kHz e)
[    18.614] (II) modeset(0): Modeline "1280x960"x0.0  108.00  1280 1376 1488 1800  960 961 964 1000 +hsync +vsync (60.0 kHz e)
[    18.704] (II) modeset(0): Allocate new frame buffer 1360x768 stride
